<?xml version="1.0" encoding="UTF-8"?>
<testng-results ignored="0" total="3" passed="3" failed="0" skipped="0">
  <reporter-output>
  </reporter-output>
  <suite started-at="2022-04-06T15:16:13 IST" name="Default suite" finished-at="2022-04-06T15:16:13 IST" duration-ms="35">
    <groups>
    </groups>
    <test started-at="2022-04-06T15:16:13 IST" name="Default test" finished-at="2022-04-06T15:16:13 IST" duration-ms="35">
      <class name="testpurpose.Child">
        <test-method is-config="true" signature="beforesuitetest()[pri:0, instance:testpurpose.Child@5c1a8622]" started-at="2022-04-06T15:16:13 IST" name="beforesuitetest" finished-at="2022-04-06T15:16:13 IST" duration-ms="5" status="PASS">
          <reporter-output>
          </reporter-output>
        </test-method> <!-- beforesuitetest -->
        <test-method is-config="true" signature="beforetestone()[pri:0, instance:testpurpose.Child@5c1a8622]" started-at="2022-04-06T15:16:13 IST" name="beforetestone" finished-at="2022-04-06T15:16:13 IST" duration-ms="1" status="PASS">
          <reporter-output>
          </reporter-output>
        </test-method> <!-- beforetestone -->
        <test-method is-config="true" signature="beforeclassone()[pri:0, instance:testpurpose.Child@5c1a8622]" started-at="2022-04-06T15:16:13 IST" name="beforeclassone" finished-at="2022-04-06T15:16:13 IST" duration-ms="1" status="PASS">
          <reporter-output>
          </reporter-output>
        </test-method> <!-- beforeclassone -->
        <test-method signature="main()[pri:0, instance:testpurpose.Child@5c1a8622]" started-at="2022-04-06T15:16:13 IST" name="main" finished-at="2022-04-06T15:16:13 IST" duration-ms="6" status="PASS">
          <reporter-output>
          </reporter-output>
        </test-method> <!-- main -->
        <test-method signature="newtest()[pri:0, instance:testpurpose.Child@5c1a8622]" started-at="2022-04-06T15:16:13 IST" name="newtest" finished-at="2022-04-06T15:16:13 IST" duration-ms="1" status="PASS">
          <reporter-output>
          </reporter-output>
        </test-method> <!-- newtest -->
        <test-method signature="newtestone()[pri:0, instance:testpurpose.Child@5c1a8622]" started-at="2022-04-06T15:16:13 IST" name="newtestone" finished-at="2022-04-06T15:16:13 IST" duration-ms="1" status="PASS">
          <reporter-output>
          </reporter-output>
        </test-method> <!-- newtestone -->
        <test-method is-config="true" signature="afterclassone()[pri:0, instance:testpurpose.Child@5c1a8622]" started-at="2022-04-06T15:16:13 IST" name="afterclassone" finished-at="2022-04-06T15:16:13 IST" duration-ms="1" status="PASS">
          <reporter-output>
          </reporter-output>
        </test-method> <!-- afterclassone -->
        <test-method is-config="true" signature="aftertestone()[pri:0, instance:testpurpose.Child@5c1a8622]" started-at="2022-04-06T15:16:13 IST" name="aftertestone" finished-at="2022-04-06T15:16:13 IST" duration-ms="1" status="PASS">
          <reporter-output>
          </reporter-output>
        </test-method> <!-- aftertestone -->
        <test-method is-config="true" signature="aftersuitetest()[pri:0, instance:testpurpose.Child@5c1a8622]" started-at="2022-04-06T15:16:13 IST" name="aftersuitetest" finished-at="2022-04-06T15:16:13 IST" duration-ms="1" status="PASS">
          <reporter-output>
          </reporter-output>
        </test-method> <!-- aftersuitetest -->
      </class> <!-- testpurpose.Child -->
    </test> <!-- Default test -->
  </suite> <!-- Default suite -->
</testng-results>
