<?xml version="1.0" encoding="UTF-8"?>
<testng-results ignored="0" total="1" passed="1" failed="0" skipped="0">
  <reporter-output>
  </reporter-output>
  <suite started-at="2021-11-28T19:29:34 IST" name="Suite" finished-at="2021-11-28T19:29:34 IST" duration-ms="26">
    <groups>
    </groups>
    <test started-at="2021-11-28T19:29:34 IST" name="Test" finished-at="2021-11-28T19:29:34 IST" duration-ms="26">
      <class name="Java_basic_package.TestNNGTest">
        <test-method is-config="true" signature="beforeSuite()[pri:0, instance:Java_basic_package.TestNNGTest@7c417213]" started-at="2021-11-28T19:29:34 IST" name="beforeSuite" finished-at="2021-11-28T19:29:34 IST" duration-ms="7" status="PASS">
          <reporter-output>
          </reporter-output>
        </test-method> <!-- beforeSuite -->
        <test-method is-config="true" signature="BeforeTest()[pri:0, instance:Java_basic_package.TestNNGTest@7c417213]" started-at="2021-11-28T19:29:34 IST" name="BeforeTest" finished-at="2021-11-28T19:29:34 IST" duration-ms="0" status="PASS">
          <reporter-output>
          </reporter-output>
        </test-method> <!-- BeforeTest -->
        <test-method is-config="true" signature="beforeclass()[pri:0, instance:Java_basic_package.TestNNGTest@7c417213]" started-at="2021-11-28T19:29:34 IST" name="beforeclass" finished-at="2021-11-28T19:29:34 IST" duration-ms="0" status="PASS">
          <reporter-output>
          </reporter-output>
        </test-method> <!-- beforeclass -->
        <test-method signature="test()[pri:0, instance:Java_basic_package.TestNNGTest@7c417213]" started-at="2021-11-28T19:29:34 IST" name="test" finished-at="2021-11-28T19:29:34 IST" duration-ms="4" status="PASS">
          <reporter-output>
          </reporter-output>
        </test-method> <!-- test -->
        <test-method is-config="true" signature="beforeMethod()[pri:0, instance:Java_basic_package.TestNNGTest@7c417213]" started-at="2021-11-28T19:29:34 IST" name="beforeMethod" finished-at="2021-11-28T19:29:34 IST" duration-ms="0" status="PASS">
          <reporter-output>
          </reporter-output>
        </test-method> <!-- beforeMethod -->
        <test-method is-config="true" signature="afterMethod()[pri:0, instance:Java_basic_package.TestNNGTest@7c417213]" started-at="2021-11-28T19:29:34 IST" name="afterMethod" finished-at="2021-11-28T19:29:34 IST" duration-ms="0" status="PASS">
          <reporter-output>
          </reporter-output>
        </test-method> <!-- afterMethod -->
        <test-method is-config="true" signature="afterclass()[pri:0, instance:Java_basic_package.TestNNGTest@7c417213]" started-at="2021-11-28T19:29:34 IST" name="afterclass" finished-at="2021-11-28T19:29:34 IST" duration-ms="0" status="PASS">
          <reporter-output>
          </reporter-output>
        </test-method> <!-- afterclass -->
        <test-method is-config="true" signature="afterTest()[pri:0, instance:Java_basic_package.TestNNGTest@7c417213]" started-at="2021-11-28T19:29:34 IST" name="afterTest" finished-at="2021-11-28T19:29:34 IST" duration-ms="0" status="PASS">
          <reporter-output>
          </reporter-output>
        </test-method> <!-- afterTest -->
        <test-method is-config="true" signature="aftersuit()[pri:0, instance:Java_basic_package.TestNNGTest@7c417213]" started-at="2021-11-28T19:29:34 IST" name="aftersuit" finished-at="2021-11-28T19:29:34 IST" duration-ms="0" status="PASS">
          <reporter-output>
          </reporter-output>
        </test-method> <!-- aftersuit -->
      </class> <!-- Java_basic_package.TestNNGTest -->
    </test> <!-- Test -->
  </suite> <!-- Suite -->
</testng-results>
