<?xml version="1.0" encoding="UTF-8"?>
<!-- Generated by org.testng.reporters.JUnitXMLReporter -->
<testsuite ignored="2" hostname="LM0001778" failures="0" tests="2" name="We-Care" time="3.697" errors="0" timestamp="2021-07-27T18:35:50 IST">
  <testcase classname="Tests.VerifyLogin" name="Testing" time="3.422"/>
  <testcase classname="Tests.VerifyManageIdentity" name="manageIdentity" time="0.245"/>
  <testcase classname="Tests.SetUp" name="@AfterSuite TeardownTest" time="0.0">
    <ignored/>
  </testcase> <!-- @AfterSuite TeardownTest -->
  <testcase classname="Tests.SetUp" name="@BeforeSuite Initialize" time="0.0">
    <ignored/>
  </testcase> <!-- @BeforeSuite Initialize -->
</testsuite> <!-- We-Care -->
