<?xml version="1.0" encoding="UTF-8"?>
<testng-results ignored="0" total="1" passed="1" failed="0" skipped="0">
  <reporter-output>
  </reporter-output>
  <suite started-at="2021-07-28T19:15:30 IST" name="Default suite" finished-at="2021-07-28T19:15:30 IST" duration-ms="39">
    <groups>
    </groups>
    <test started-at="2021-07-28T19:15:30 IST" name="Default test" finished-at="2021-07-28T19:15:30 IST" duration-ms="39">
      <class name="PackageTest.testingmaven">
        <test-method signature="testing()[pri:0, instance:PackageTest.testingmaven@2177849e]" started-at="2021-07-28T19:15:30 IST" name="testing" finished-at="2021-07-28T19:15:30 IST" duration-ms="8" status="PASS">
          <reporter-output>
          </reporter-output>
        </test-method> <!-- testing -->
      </class> <!-- PackageTest.testingmaven -->
    </test> <!-- Default test -->
  </suite> <!-- Default suite -->
</testng-results>
