<?xml version="1.0" encoding="UTF-8"?>
<testng-results ignored="0" total="1" passed="1" failed="0" skipped="0">
  <reporter-output>
  </reporter-output>
  <suite started-at="2021-07-29T11:22:58 IST" name="QA.NewTest" finished-at="2021-07-29T11:22:58 IST" duration-ms="25">
    <groups>
    </groups>
    <test started-at="2021-07-29T11:22:58 IST" name="Command line test" finished-at="2021-07-29T11:22:58 IST" duration-ms="25">
      <class name="QA.NewTest">
        <test-method signature="f()[pri:0, instance:QA.NewTest@34c4973]" started-at="2021-07-29T11:22:58 IST" name="f" finished-at="2021-07-29T11:22:58 IST" duration-ms="3" status="PASS">
          <reporter-output>
          </reporter-output>
        </test-method> <!-- f -->
      </class> <!-- QA.NewTest -->
    </test> <!-- Command line test -->
  </suite> <!-- QA.NewTest -->
</testng-results>
